# JRE version: OpenJDK Runtime Environment (8.0_242) (build 1.8.0_242-release-1644-b3-6222593)
# Java VM: OpenJDK 64-Bit Server VM (25.242-b3-6222593 mixed mode linux-amd64 compressed oops)
Heap:
 PSYoungGen      total 653312K, used 180141K [0x00000000d5580000, 0x0000000100000000, 0x0000000100000000)
  eden space 610304K, 24% used [0x00000000d5580000,0x00000000de963680,0x00000000fa980000)
  from space 43008K, 66% used [0x00000000fa980000,0x00000000fc587d90,0x00000000fd380000)
  to   space 44032K, 0% used [0x00000000fd500000,0x00000000fd500000,0x0000000100000000)
 ParOldGen       total 401408K, used 126189K [0x0000000080000000, 0x0000000098800000, 0x00000000d5580000)
  object space 401408K, 31% used [0x0000000080000000,0x0000000087b3b658,0x0000000098800000)
 Metaspace       used 127393K, capacity 135094K, committed 135296K, reserved 1167360K
  class space    used 16056K, capacity 17420K, committed 17536K, reserved 1048576K
GC Heap History (10 events):
Event: 8217.119 GC heap before
{Heap before GC invocations=59 (full 4):
 PSYoungGen      total 652800K, used 622913K [0x00000000d5580000, 0x0000000100000000, 0x0000000100000000)
  eden space 605696K, 100% used [0x00000000d5580000,0x00000000fa500000,0x00000000fa500000)
  from space 47104K, 36% used [0x00000000fd200000,0x00000000fe2d0508,0x0000000100000000)
  to   space 46080K, 0% used [0x00000000fa500000,0x00000000fa500000,0x00000000fd200000)
 ParOldGen       total 401408K, used 124461K [0x0000000080000000, 0x0000000098800000, 0x00000000d5580000)
  object space 401408K, 31% used [0x0000000080000000,0x000000008798b588,0x0000000098800000)
 Metaspace       used 126237K, capacity 132604K, committed 132864K, reserved 1165312K
  class space    used 15849K, capacity 17037K, committed 17152K, reserved 1048576K
Event: 8217.127 GC heap after
Heap after GC invocations=59 (full 4):
 PSYoungGen      total 622592K, used 16390K [0x00000000d5580000, 0x00000000ffd00000, 0x0000000100000000)
  eden space 605696K, 0% used [0x00000000d5580000,0x00000000d5580000,0x00000000fa500000)
  from space 16896K, 97% used [0x00000000fa500000,0x00000000fb501bf8,0x00000000fb580000)
  to   space 45056K, 0% used [0x00000000fd100000,0x00000000fd100000,0x00000000ffd00000)
 ParOldGen       total 401408K, used 124477K [0x0000000080000000, 0x0000000098800000, 0x00000000d5580000)
  object space 401408K, 31% used [0x0000000080000000,0x000000008798f588,0x0000000098800000)
 Metaspace       used 126237K, capacity 132604K, committed 132864K, reserved 1165312K
  class space    used 15849K, capacity 17037K, committed 17152K, reserved 1048576K
}
Event: 8218.256 GC heap before
{Heap before GC invocations=60 (full 4):
 PSYoungGen      total 622592K, used 622086K [0x00000000d5580000, 0x00000000ffd00000, 0x0000000100000000)
  eden space 605696K, 100% used [0x00000000d5580000,0x00000000fa500000,0x00000000fa500000)
  from space 16896K, 97% used [0x00000000fa500000,0x00000000fb501bf8,0x00000000fb580000)
  to   space 45056K, 0% used [0x00000000fd100000,0x00000000fd100000,0x00000000ffd00000)
 ParOldGen       total 401408K, used 124477K [0x0000000080000000, 0x0000000098800000, 0x00000000d5580000)
  object space 401408K, 31% used [0x0000000080000000,0x000000008798f588,0x0000000098800000)
 Metaspace       used 126246K, capacity 132668K, committed 132864K, reserved 1165312K
  class space    used 15849K, capacity 17037K, committed 17152K, reserved 1048576K
Event: 8218.271 GC heap after
Heap after GC invocations=60 (full 4):
 PSYoungGen      total 651776K, used 16465K [0x00000000d5580000, 0x0000000100000000, 0x0000000100000000)
  eden space 606720K, 0% used [0x00000000d5580000,0x00000000d5580000,0x00000000fa600000)
  from space 45056K, 36% used [0x00000000fd100000,0x00000000fe1144e8,0x00000000ffd00000)
  to   space 44032K, 0% used [0x00000000fa600000,0x00000000fa600000,0x00000000fd100000)
 ParOldGen       total 401408K, used 124509K [0x0000000080000000, 0x0000000098800000, 0x00000000d5580000)
  object space 401408K, 31% used [0x0000000080000000,0x0000000087997588,0x0000000098800000)
 Metaspace       used 126246K, capacity 132668K, committed 132864K, reserved 1165312K
  class space    used 15849K, capacity 17037K, committed 17152K, reserved 1048576K
}
Event: 8327.175 GC heap before
{Heap before GC invocations=61 (full 4):
 PSYoungGen      total 651776K, used 623185K [0x00000000d5580000, 0x0000000100000000, 0x0000000100000000)
  eden space 606720K, 100% used [0x00000000d5580000,0x00000000fa600000,0x00000000fa600000)
  from space 45056K, 36% used [0x00000000fd100000,0x00000000fe1144e8,0x00000000ffd00000)
  to   space 44032K, 0% used [0x00000000fa600000,0x00000000fa600000,0x00000000fd100000)
 ParOldGen       total 401408K, used 124509K [0x0000000080000000, 0x0000000098800000, 0x00000000d5580000)
  object space 401408K, 31% used [0x0000000080000000,0x0000000087997588,0x0000000098800000)
 Metaspace       used 127268K, capacity 134940K, committed 135168K, reserved 1167360K
  class space    used 16048K, capacity 17405K, committed 17408K, reserved 1048576K
Event: 8327.190 GC heap after
Heap after GC invocations=61 (full 4):
 PSYoungGen      total 650752K, used 11938K [0x00000000d5580000, 0x00000000ffe00000, 0x0000000100000000)
  eden space 606720K, 0% used [0x00000000d5580000,0x00000000d5580000,0x00000000fa600000)
  from space 44032K, 27% used [0x00000000fa600000,0x00000000fb1a8a40,0x00000000fd100000)
  to   space 43520K, 0% used [0x00000000fd380000,0x00000000fd380000,0x00000000ffe00000)
 ParOldGen       total 401408K, used 126141K [0x0000000080000000, 0x0000000098800000, 0x00000000d5580000)
  object space 401408K, 31% used [0x0000000080000000,0x0000000087b2f658,0x0000000098800000)
 Metaspace       used 127268K, capacity 134940K, committed 135168K, reserved 1167360K
  class space    used 16048K, capacity 17405K, committed 17408K, reserved 1048576K
}
Event: 8327.648 GC heap before
{Heap before GC invocations=62 (full 4):
 PSYoungGen      total 650752K, used 618658K [0x00000000d5580000, 0x00000000ffe00000, 0x0000000100000000)
  eden space 606720K, 100% used [0x00000000d5580000,0x00000000fa600000,0x00000000fa600000)
  from space 44032K, 27% used [0x00000000fa600000,0x00000000fb1a8a40,0x00000000fd100000)
  to   space 43520K, 0% used [0x00000000fd380000,0x00000000fd380000,0x00000000ffe00000)
 ParOldGen       total 401408K, used 126141K [0x0000000080000000, 0x0000000098800000, 0x00000000d5580000)
  object space 401408K, 31% used [0x0000000080000000,0x0000000087b2f658,0x0000000098800000)
 Metaspace       used 127269K, capacity 134940K, committed 135168K, reserved 1167360K
  class space    used 16048K, capacity 17405K, committed 17408K, reserved 1048576K
Event: 8327.655 GC heap after
Heap after GC invocations=62 (full 4):
 PSYoungGen      total 653824K, used 10864K [0x00000000d5580000, 0x00000000ffe80000, 0x0000000100000000)
  eden space 610304K, 0% used [0x00000000d5580000,0x00000000d5580000,0x00000000fa980000)
  from space 43520K, 24% used [0x00000000fd380000,0x00000000fde1c0a0,0x00000000ffe00000)
  to   space 43008K, 0% used [0x00000000fa980000,0x00000000fa980000,0x00000000fd380000)
 ParOldGen       total 401408K, used 126157K [0x0000000080000000, 0x0000000098800000, 0x00000000d5580000)
  object space 401408K, 31% used [0x0000000080000000,0x0000000087b33658,0x0000000098800000)
 Metaspace       used 127269K, capacity 134940K, committed 135168K, reserved 1167360K
  class space    used 16048K, capacity 17405K, committed 17408K, reserved 1048576K
}
Event: 8328.868 GC heap before
{Heap before GC invocations=63 (full 4):
 PSYoungGen      total 653824K, used 621168K [0x00000000d5580000, 0x00000000ffe80000, 0x0000000100000000)
  eden space 610304K, 100% used [0x00000000d5580000,0x00000000fa980000,0x00000000fa980000)
  from space 43520K, 24% used [0x00000000fd380000,0x00000000fde1c0a0,0x00000000ffe00000)
  to   space 43008K, 0% used [0x00000000fa980000,0x00000000fa980000,0x00000000fd380000)
 ParOldGen       total 401408K, used 126157K [0x0000000080000000, 0x0000000098800000, 0x00000000d5580000)
  object space 401408K, 31% used [0x0000000080000000,0x0000000087b33658,0x0000000098800000)
 Metaspace       used 127288K, capacity 134940K, committed 135168K, reserved 1167360K
  class space    used 16048K, capacity 17405K, committed 17408K, reserved 1048576K
Event: 8328.893 GC heap after
Heap after GC invocations=63 (full 4):
 PSYoungGen      total 653312K, used 28703K [0x00000000d5580000, 0x0000000100000000, 0x0000000100000000)
  eden space 610304K, 0% used [0x00000000d5580000,0x00000000d5580000,0x00000000fa980000)
  from space 43008K, 66% used [0x00000000fa980000,0x00000000fc587d90,0x00000000fd380000)
  to   space 44032K, 0% used [0x00000000fd500000,0x00000000fd500000,0x0000000100000000)
 ParOldGen       total 401408K, used 126189K [0x0000000080000000, 0x0000000098800000, 0x00000000d5580000)
  object space 401408K, 31% used [0x0000000080000000,0x0000000087b3b658,0x0000000098800000)
 Metaspace       used 127288K, capacity 134940K, committed 135168K, reserved 1167360K
  class space    used 16048K, capacity 17405K, committed 17408K, reserved 1048576K
}

